0 verbose cli /usr/bin/node /usr/bin/npm
1 info using npm@10.7.0
2 info using node@v18.20.2
3 silly config:load:file:/usr/lib/node_modules/npm/npmrc
4 silly config:load:file:/var/www/.npmrc
5 silly config:load:file:/usr/etc/npmrc
6 verbose title npm run prod
7 verbose argv "run" "prod"
8 verbose logfile logs-max:10 dir:/var/www/.npm/_logs/2024-05-14T07_29_42_415Z-
9 verbose logfile /var/www/.npm/_logs/2024-05-14T07_29_42_415Z-debug-0.log
10 silly logfile done cleaning log files
11 verbose stack Error: Missing script: "prod"
11 verbose stack
11 verbose stack To see a list of scripts, run:
11 verbose stack   npm run
11 verbose stack     at RunScript.run (/usr/lib/node_modules/npm/lib/commands/run-script.js:79:13)
11 verbose stack     at async module.exports (/usr/lib/node_modules/npm/lib/cli/entry.js:74:5)
12 verbose cwd /var/www
13 verbose Linux 5.15.146.1-microsoft-standard-WSL2
14 verbose node v18.20.2
15 verbose npm  v10.7.0
16 error Missing script: "prod"
16 error
16 error To see a list of scripts, run:
16 error   npm run
17 verbose exit 1
18 verbose code 1
19 error A complete log of this run can be found in: /var/www/.npm/_logs/2024-05-14T07_29_42_415Z-debug-0.log
